crash at end of this log(happend multiple times but quite rare):
4=count
Client 2: sending
not rdy
Client 3: receiving
Read:
GET /u/links.md/ HTTP/1.1
Host: localhost:8080
User-Agent: Mozilla/5.0 (Macintosh; Intel Mac OS X 10.15; rv:134.0) Gecko/20100101 Firefox/134.0
Accept: text/html,application/xhtml+xml,application/xml;q=0.9,*/*;q=0.8
Accept-Language: en-US,en;q=0.5
Accept-Encoding: gzip, deflate, br, zstd
Referer: http://localhost:8080/u/
Connection: keep-alive
Upgrade-Insecure-Requests: 1
Sec-Fetch-Dest: document
Sec-Fetch-Mode: navigate
Sec-Fetch-Site: same-origin
Sec-Fetch-User: ?1
Priority: u=0, i


Request array:
0: size: 3              |GET    |/u/links.md/   | HTTP/1.1      |
1: size: 2              |Host:  |localhost:8080 |
2: size: 2              |User-Agent:    |Mozilla/5.0 (Macintosh; Intel Mac OS X 10.15; rv:134.0) Gecko/20100101 Firefox/134.0   |
3: size: 2              |Accept:        |text/html,application/xhtml+xml,application/xml;q=0.9,*/*;q=0.8        |
4: size: 2              |Accept-Language:       |en-US,en;q=0.5 |
5: size: 2              |Accept-Encoding:       |gzip, deflate, br, zstd        |
6: size: 2              |Referer:       |http://localhost:8080/u/       |
7: size: 2              |Connection:    |keep-alive     |
8: size: 2              |Upgrade-Insecure-Requests:     |1      |
9: size: 2              |Sec-Fetch-Dest:        |document       |
10: size: 2             |Sec-Fetch-Mode:        |navigate       |
11: size: 2             |Sec-Fetch-Site:        |same-origin    |
12: size: 2             |Sec-Fetch-User:        |?1     |
13: size: 2             |Priority:      |u=0, i |
Headers were parsed

polling 4
4=count
Client 2: sending
not rdy
Client 3: exec
polling 4
4=count
Client 2: sending
not rdy
Client 3: sending
closing fd Client with idx 3
3--count
polling 3
3=count
Connection accepted from address(127.0.0.1): PORT(53469)
_add_entry: count: 4 ; total count: 9
added fd Client with idx 3
Added client numner 5`
Client 2: sending
not rdy
client 2 timed out..
Client 3: receiving
not ready
closing fd Client with idx 2
3--count
polling 3
3=count
Client 2: receiving
Read:

could not find stopDl
libc++abi.dylib: terminating with uncaught exception of type StringArray::NotTerminated: std::exception
